Preparing training and test sets
indice
20150218085719846000685355    0
20150218085719877000428667    0
Name: isFraud, dtype: int64
indice
20150107224515038000791403    0
20150107224515053000507786    0
20150107224515053000972939    0
Name: isFraud, dtype: int64
indice
20141128154605390000701214    0
20141128154605405000605392    0
20141128154605499000996878    0
Name: isFraud, dtype: int64
indice
20150208142717264000732760    0
Name: isFraud, dtype: int64
indice
20141105084528029000464070    0
Name: isFraud, dtype: int64
indice
20141025114531422000282296    0
Name: isFraud, dtype: int64
indice
2015011517451592500067927    0
Name: isFraud, dtype: int64
indice
20150126134535263000630450    0
Name: isFraud, dtype: int64
indice
20150218222731760000561125    0
Name: isFraud, dtype: int64
indice
20141025104517185000138628    0
20150204094217910000394340    0
Name: isFraud, dtype: int64
indice
20141126154643025000707071    0
20141126154643352000466002    0
20141126154643430000639759    0
20141126154643477000879478    0
20141126154643493000241543    0
20141126154643539000823708    0
20141126154643555000967478    0
20141126154643555000707699    0
20141126154643617000158863    0
20141126154643664000191453    0
20141126154643664000562963    0
20141126154643680000184846    0
20141126154643680000861150    0
2014112615464444400098704     0
20141126164608833000347972    0
20141126164608848000856910    0
Name: isFraud, dtype: int64
indice
20141212174548079000272492    0
20150107144518102000176332    0
Name: isFraud, dtype: int64
indice
20141104104541672000759896    0
20141104124556668000915153    0
20141104124556793000564050    0
Name: isFraud, dtype: int64
indice
20141127224530461000870875    0
Name: isFraud, dtype: int64
indice
20150116174516183000846617    0
20150127104536577000421273    0
Name: isFraud, dtype: int64
indice
20150222122718381000626488    0
Name: isFraud, dtype: int64
indice
20150103214513527000981477    0
Name: isFraud, dtype: int64
indice
20141204194612968000888582    0
20141204194613030000362647    0
20141204194613030000794826    0
20141204194613108000119264    0
Name: isFraud, dtype: int64
indice
20141224134516160000608995    0
Name: isFraud, dtype: int64
indice
20150129214521140000371985    0
Name: isFraud, dtype: int64
indice
20150217124218525000590470    0
Name: isFraud, dtype: int64
indice
20141103164641541000363874    0
20141104164540228000834031    0
Name: isFraud, dtype: int64
indice
20141028154536246000370433    0
20141028154536621000175773    0
20141031104607452000233746    0
Name: isFraud, dtype: int64
indice
20150206094227775000659766    0
20150206095733979000760043    0
20150206095734166000726322    0
2015020609573422800058357     0
20150206095734244000115619    0
20150206095734260000772206    0
20150206101226893000398588    0
20150206101226909000290590    0
Name: isFraud, dtype: int64
indice
20141029224521373000832318    0
Name: isFraud, dtype: int64
indice
20150203114521978000734040    0
20150203114522103000978396    0
Name: isFraud, dtype: int64
indice
20141204194610222000748189    0
20141204194610721000387998    0
Name: isFraud, dtype: int64
indice
20141108104516428000462693    0
Name: isFraud, dtype: int64
indice
20141112094521279000857352    0
20141112114533501000265841    0
Name: isFraud, dtype: int64
indice
20150126164528798000466889    0
Name: isFraud, dtype: int64
indice
20150124114514035000253149    0
Name: isFraud, dtype: int64
indice
20141026134517269000869934    0
Name: isFraud, dtype: int64
indice
20141209194558579000378427    0
Name: isFraud, dtype: int64
indice
20141209104651731000483060    0
Name: isFraud, dtype: int64
indice
20141031114628101000986611    0
20141031114628491000459905    0
20141031174553659000353611    0
20141103124611735000300182    0
20141108134513944000521969    0
20141108134513975000968544    0
20141108134513975000615959    0
2014111809455466600047397     0
20141126084528831000254077    0
20141128184549468000618058    0
20141203104629499000920078    0
20141203114615487000718697    0
20141204074512903000495153    0
2014120407451310600073731     0
20141205164524451000720865    0
20141211084520144000645627    0
20141211084520160000314664    0
20141211084520191000947522    0
20141211084520238000993712    0
20150107124517524000716027    0
20150107154518956000224816    0
20150107154518956000947865    0
20150107184519395000367216    0
20150107184519426000720161    0
20150107184519442000275495    0
20150107184519488000834919    0
20150109104518255000681780    0
2015011309451498000015982     0
20150123124517976000895740    0
20150130094519178000641377    0
20150203104519936000615550    0
20150203104519967000832460    0
20150203104519983000648862    0
20150203104520014000197650    0
20150203104520061000277331    0
20150204124217579000901452    0
20150216125731278000412831    0
20150216131229003000291205    0
20150219075718156000719844    0
20150220075717350000573151    0
Name: isFraud, dtype: int64
Traceback (most recent call last):
  File "/Users/michele/PycharmProjects/varie/venv/lib/python3.6/site-packages/pandas/core/indexes/base.py", line 4736, in get_value
    return libindex.get_value_box(s, key)
  File "pandas/_libs/index.pyx", line 51, in pandas._libs.index.get_value_box
  File "pandas/_libs/index.pyx", line 47, in pandas._libs.index.get_value_at
  File "pandas/_libs/util.pxd", line 98, in pandas._libs.util.get_value_at
  File "pandas/_libs/util.pxd", line 83, in pandas._libs.util.validate_indexer
TypeError: 'str' object cannot be interpreted as an integer

During handling of the above exception, another exception occurred:

Traceback (most recent call last):
  File "/Applications/PyCharm.app/Contents/helpers/pydev/pydev_run_in_console.py", line 52, in run_file
    pydev_imports.execfile(file, globals, locals)  # execute the script
  File "/Applications/PyCharm.app/Contents/helpers/pydev/_pydev_imps/_pydev_execfile.py", line 18, in execfile
    exec(compile(contents+"\n", file, 'exec'), glob, loc)
  File "/Users/michele/Fraud_Detection_LSTM_Thesis/LSTM_classifier.py", line 98, in <module>
    x_train, y_train = create_dataset(train, look_back=look_back)
  File "/Users/michele/Fraud_Detection_LSTM_Thesis/LSTM_classifier.py", line 63, in create_dataset
    series_x, series_y = get_series(transactions, labels, look_back)
  File "/Users/michele/Fraud_Detection_LSTM_Thesis/LSTM_classifier.py", line 41, in get_series
    isFraudolent = labels.iloc[0:look_back]["isFraud"].max()
  File "/Users/michele/PycharmProjects/varie/venv/lib/python3.6/site-packages/pandas/core/series.py", line 1068, in __getitem__
    result = self.index.get_value(self, key)
  File "/Users/michele/PycharmProjects/varie/venv/lib/python3.6/site-packages/pandas/core/indexes/base.py", line 4744, in get_value
    raise e1
  File "/Users/michele/PycharmProjects/varie/venv/lib/python3.6/site-packages/pandas/core/indexes/base.py", line 4730, in get_value
    return self._engine.get_value(s, k, tz=getattr(series.dtype, "tz", None))
  File "pandas/_libs/index.pyx", line 80, in pandas._libs.index.IndexEngine.get_value
  File "pandas/_libs/index.pyx", line 88, in pandas._libs.index.IndexEngine.get_value
  File "pandas/_libs/index.pyx", line 131, in pandas._libs.index.IndexEngine.get_loc
  File "pandas/_libs/hashtable_class_helper.pxi", line 1607, in pandas._libs.hashtable.PyObjectHashTable.get_item
  File "pandas/_libs/hashtable_class_helper.pxi", line 1614, in pandas._libs.hashtable.PyObjectHashTable.get_item
KeyError: 'isFraud'
PyDev console: starting.

Python 3.6.3 (v3.6.3:2c5fed86e0, Oct  3 2017, 00:32:08) 
[GCC 4.2.1 (Apple Inc. build 5666) (dot 3)] on darwin
